[0820/020706:ERROR:process_info.cc(608)] range at 0xfffde000, size 0x230 fully unreadable
[0820/020706:ERROR:process_info.cc(608)] range at 0xfffdd000, size 0xf84 fully unreadable
[0820/020706:ERROR:process_info.cc(608)] range at 0xfffda000, size 0xf84 fully unreadable
[0820/020706:ERROR:process_info.cc(608)] range at 0xfffd7000, size 0xf84 fully unreadable
[0820/020706:ERROR:process_info.cc(608)] range at 0xfffaf000, size 0xf84 fully unreadable
[0820/020706:ERROR:process_info.cc(608)] range at 0xfffac000, size 0xf84 fully unreadable
[0820/020706:ERROR:process_info.cc(608)] range at 0xfffa9000, size 0xf84 fully unreadable
[0820/020706:ERROR:process_info.cc(608)] range at 0xfffa6000, size 0xf84 fully unreadable
[0820/020706:ERROR:process_info.cc(608)] range at 0xfff9d000, size 0xf84 fully unreadable
[0820/020706:ERROR:process_info.cc(608)] range at 0xfff9a000, size 0xf84 fully unreadable
[0820/020706:ERROR:process_info.cc(608)] range at 0xfff91000, size 0xf84 fully unreadable
[0820/020706:ERROR:process_info.cc(608)] range at 0xfff88000, size 0xf84 fully unreadable
[0820/020706:ERROR:process_reader_win.cc(233)] ReadMemory at 0x1405818 of 16 bytes failed: Only part of a ReadProcessMemory or WriteProcessMemory request was completed. (0x12B)
[0820/020706:WARNING:pe_image_resource_reader.cc(103)] could not read resource data entry from C:\Program Files (x86)\Google\Chrome\Application\chrome.exe resources
[0820/020706:ERROR:process_reader_win.cc(233)] ReadMemory at 0x774a0000 of 64 bytes failed: Only part of a ReadProcessMemory or WriteProcessMemory request was completed. (0x12B)
[0820/020706:WARNING:pe_image_reader.cc(281)] could not read dos header from C:\Windows\SysWOW64\ntdll.dll
[0820/020706:ERROR:process_reader_win.cc(233)] ReadMemory at 0x76af0000 of 64 bytes failed: Only part of a ReadProcessMemory or WriteProcessMemory request was completed. (0x12B)
[0820/020706:WARNING:pe_image_reader.cc(281)] could not read dos header from C:\Windows\syswow64\KERNELBASE.dll
[0820/020706:ERROR:process_reader_win.cc(233)] ReadMemory at 0x76b40000 of 64 bytes failed: Only part of a ReadProcessMemory or WriteProcessMemory request was completed. (0x12B)
[0820/020706:WARNING:pe_image_reader.cc(281)] could not read dos header from C:\Windows\syswow64\kernel32.dll
[0820/020706:ERROR:process_reader_win.cc(233)] ReadMemory at 0x76f60000 of 64 bytes failed: Only part of a ReadProcessMemory or WriteProcessMemory request was completed. (0x12B)
[0820/020706:WARNING:pe_image_reader.cc(281)] could not read dos header from C:\Windows\syswow64\msvcrt.dll
[0820/020706:ERROR:process_reader_win.cc(233)] ReadMemory at 0x75000000 of 64 bytes failed: Only part of a ReadProcessMemory or WriteProcessMemory request was completed. (0x12B)
[0820/020706:WARNING:pe_image_reader.cc(281)] could not read dos header from C:\Windows\syswow64\CRYPTBASE.dll
[0820/020706:ERROR:process_reader_win.cc(233)] ReadMemory at 0x75010000 of 64 bytes failed: Only part of a ReadProcessMemory or WriteProcessMemory request was completed. (0x12B)
[0820/020706:WARNING:pe_image_reader.cc(281)] could not read dos header from C:\Windows\syswow64\SspiCli.dll
[0820/020706:ERROR:process_reader_win.cc(233)] ReadMemory at 0x768b0000 of 64 bytes failed: Only part of a ReadProcessMemory or WriteProcessMemory request was completed. (0x12B)
[0820/020706:WARNING:pe_image_reader.cc(281)] could not read dos header from C:\Windows\syswow64\RPCRT4.dll
[0820/020706:ERROR:process_reader_win.cc(233)] ReadMemory at 0x75960000 of 64 bytes failed: Only part of a ReadProcessMemory or WriteProcessMemory request was completed. (0x12B)
[0820/020706:WARNING:pe_image_reader.cc(281)] could not read dos header from C:\Windows\SysWOW64\sechost.dll
[0820/020706:ERROR:process_reader_win.cc(233)] ReadMemory at 0x752b0000 of 64 bytes failed: Only part of a ReadProcessMemory or WriteProcessMemory request was completed. (0x12B)
[0820/020706:WARNING:pe_image_reader.cc(281)] could not read dos header from C:\Windows\syswow64\ADVAPI32.dll
[0820/020706:ERROR:process_reader_win.cc(233)] ReadMemory at 0x740c0000 of 64 bytes failed: Only part of a ReadProcessMemory or WriteProcessMemory request was completed. (0x12B)
[0820/020706:WARNING:pe_image_reader.cc(281)] could not read dos header from C:\Program Files (x86)\Google\Chrome\Application\52.0.2743.116\chrome_elf.dll
[0820/020706:ERROR:process_reader_win.cc(233)] ReadMemory at 0x73720000 of 64 bytes failed: Only part of a ReadProcessMemory or WriteProcessMemory request was completed. (0x12B)
[0820/020706:WARNING:pe_image_reader.cc(281)] could not read dos header from C:\Windows\system32\VERSION.dll
[0820/020706:ERROR:process_reader_win.cc(233)] ReadMemory at 0x75a10000 of 64 bytes failed: Only part of a ReadProcessMemory or WriteProcessMemory request was completed. (0x12B)
[0820/020706:WARNING:pe_image_reader.cc(281)] could not read dos header from C:\Windows\syswow64\USP10.dll
[0820/020706:ERROR:process_reader_win.cc(233)] ReadMemory at 0x75350000 of 64 bytes failed: Only part of a ReadProcessMemory or WriteProcessMemory request was completed. (0x12B)
[0820/020706:WARNING:pe_image_reader.cc(281)] could not read dos header from C:\Windows\syswow64\LPK.dll
[0820/020706:ERROR:process_reader_win.cc(233)] ReadMemory at 0x753f0000 of 64 bytes failed: Only part of a ReadProcessMemory or WriteProcessMemory request was completed. (0x12B)
[0820/020706:WARNING:pe_image_reader.cc(281)] could not read dos header from C:\Windows\syswow64\GDI32.dll
[0820/020706:ERROR:process_reader_win.cc(233)] ReadMemory at 0x76c80000 of 64 bytes failed: Only part of a ReadProcessMemory or WriteProcessMemory request was completed. (0x12B)
[0820/020706:WARNING:pe_image_reader.cc(281)] could not read dos header from C:\Windows\syswow64\USER32.dll
[0820/020706:ERROR:process_reader_win.cc(233)] ReadMemory at 0x74450000 of 64 bytes failed: Only part of a ReadProcessMemory or WriteProcessMemory request was completed. (0x12B)
[0820/020706:WARNING:pe_image_reader.cc(281)] could not read dos header from C:\Windows\system32\WINMM.dll
[0820/020706:ERROR:process_reader_win.cc(233)] ReadMemory at 0x736f0000 of 64 bytes failed: Only part of a ReadProcessMemory or WriteProcessMemory request was completed. (0x12B)
[0820/020706:WARNING:pe_image_reader.cc(281)] could not read dos header from C:\Windows\system32\profapi.dll
[0820/020706:ERROR:process_reader_win.cc(233)] ReadMemory at 0x73700000 of 64 bytes failed: Only part of a ReadProcessMemory or WriteProcessMemory request was completed. (0x12B)
[0820/020706:WARNING:pe_image_reader.cc(281)] could not read dos header from C:\Windows\system32\USERENV.dll
[0820/020706:ERROR:process_reader_win.cc(233)] ReadMemory at 0x744c0000 of 64 bytes failed: Only part of a ReadProcessMemory or WriteProcessMemory request was completed. (0x12B)
[0820/020706:WARNING:pe_image_reader.cc(281)] could not read dos header from C:\Windows\system32\WTSAPI32.dll
[0820/020706:ERROR:process_reader_win.cc(233)] ReadMemory at 0x743a0000 of 64 bytes failed: Only part of a ReadProcessMemory or WriteProcessMemory request was completed. (0x12B)
[0820/020706:WARNING:pe_image_reader.cc(281)] could not read dos header from C:\Windows\system32\webio.dll
[0820/020706:ERROR:process_reader_win.cc(233)] ReadMemory at 0x743f0000 of 64 bytes failed: Only part of a ReadProcessMemory or WriteProcessMemory request was completed. (0x12B)
[0820/020706:WARNING:pe_image_reader.cc(281)] could not read dos header from C:\Windows\system32\WINHTTP.dll
[0820/020706:ERROR:process_reader_win.cc(233)] ReadMemory at 0x751e0000 of 64 bytes failed: Only part of a ReadProcessMemory or WriteProcessMemory request was completed. (0x12B)
[0820/020706:WARNING:pe_image_reader.cc(281)] could not read dos header from C:\Windows\syswow64\MSCTF.dll
[0820/020706:ERROR:process_reader_win.cc(233)] ReadMemory at 0x76e70000 of 64 bytes failed: Only part of a ReadProcessMemory or WriteProcessMemory request was completed. (0x12B)
[0820/020706:WARNING:pe_image_reader.cc(281)] could not read dos header from C:\Windows\system32\IMM32.DLL
[0820/020706:ERROR:process_reader_win.cc(233)] ReadMemory at 0x76ed0000 of 64 bytes failed: Only part of a ReadProcessMemory or WriteProcessMemory request was completed. (0x12B)
[0820/020706:WARNING:pe_image_reader.cc(281)] could not read dos header from C:\Windows\syswow64\SHLWAPI.dll
[0820/020706:ERROR:process_reader_win.cc(233)] ReadMemory at 0x75c20000 of 64 bytes failed: Only part of a ReadProcessMemory or WriteProcessMemory request was completed. (0x12B)
[0820/020706:WARNING:pe_image_reader.cc(281)] could not read dos header from C:\Windows\syswow64\SHELL32.dll
[0820/020706:ERROR:process_reader_win.cc(233)] ReadMemory at 0x75b10000 of 64 bytes failed: Only part of a ReadProcessMemory or WriteProcessMemory request was completed. (0x12B)
[0820/020706:WARNING:pe_image_reader.cc(281)] could not read dos header from C:\Windows\syswow64\PSAPI.DLL
[0820/020706:ERROR:process_reader_win.cc(233)] ReadMemory at 0x6fb50000 of 64 bytes failed: Only part of a ReadProcessMemory or WriteProcessMemory request was completed. (0x12B)
[0820/020706:WARNING:pe_image_reader.cc(281)] could not read dos header from C:\Windows\system32\WINSPOOL.DRV
[0820/020706:ERROR:process_reader_win.cc(233)] ReadMemory at 0x741d0000 of 64 bytes failed: Only part of a ReadProcessMemory or WriteProcessMemory request was completed. (0x12B)
[0820/020706:WARNING:pe_image_reader.cc(281)] could not read dos header from C:\Windows\WinSxS\x86_microsoft.windows.common-controls_6595b64144ccf1df_6.0.7600.16385_none_421189da2b7fabfc\COMCTL32.dll
[0820/020706:ERROR:process_reader_win.cc(233)] ReadMemory at 0x76df0000 of 64 bytes failed: Only part of a ReadProcessMemory or WriteProcessMemory request was completed. (0x12B)
[0820/020706:WARNING:pe_image_reader.cc(281)] could not read dos header from C:\Windows\syswow64\COMDLG32.dll
[0820/020706:ERROR:process_reader_win.cc(233)] ReadMemory at 0x75080000 of 64 bytes failed: Only part of a ReadProcessMemory or WriteProcessMemory request was completed. (0x12B)
[0820/020706:WARNING:pe_image_reader.cc(281)] could not read dos header from C:\Windows\syswow64\ole32.dll
[0820/020706:ERROR:process_reader_win.cc(233)] ReadMemory at 0x77010000 of 64 bytes failed: Only part of a ReadProcessMemory or WriteProcessMemory request was completed. (0x12B)
[0820/020706:WARNING:pe_image_reader.cc(281)] could not read dos header from C:\Windows\syswow64\OLEAUT32.dll
[0820/020706:ERROR:process_reader_win.cc(233)] ReadMemory at 0x77470000 of 64 bytes failed: Only part of a ReadProcessMemory or WriteProcessMemory request was completed. (0x12B)
[0820/020706:WARNING:pe_image_reader.cc(281)] could not read dos header from C:\Windows\syswow64\NSI.dll
[0820/020706:ERROR:process_reader_win.cc(233)] ReadMemory at 0x74490000 of 64 bytes failed: Only part of a ReadProcessMemory or WriteProcessMemory request was completed. (0x12B)
[0820/020706:WARNING:pe_image_reader.cc(281)] could not read dos header from C:\Windows\system32\WINNSI.DLL
[0820/020706:ERROR:process_reader_win.cc(233)] ReadMemory at 0x744a0000 of 64 bytes failed: Only part of a ReadProcessMemory or WriteProcessMemory request was completed. (0x12B)
[0820/020706:WARNING:pe_image_reader.cc(281)] could not read dos header from C:\Windows\system32\IPHLPAPI.DLL
[0820/020706:ERROR:process_reader_win.cc(233)] ReadMemory at 0x76870000 of 64 bytes failed: Only part of a ReadProcessMemory or WriteProcessMemory request was completed. (0x12B)
[0820/020706:WARNING:pe_image_reader.cc(281)] could not read dos header from C:\Windows\syswow64\WS2_32.dll
[0820/020706:ERROR:process_reader_win.cc(233)] ReadMemory at 0x75070000 of 64 bytes failed: Only part of a ReadProcessMemory or WriteProcessMemory request was completed. (0x12B)
[0820/020706:WARNING:pe_image_reader.cc(281)] could not read dos header from C:\Windows\syswow64\MSASN1.dll
[0820/020706:ERROR:process_reader_win.cc(233)] ReadMemory at 0x769d0000 of 64 bytes failed: Only part of a ReadProcessMemory or WriteProcessMemory request was completed. (0x12B)
[0820/020706:WARNING:pe_image_reader.cc(281)] could not read dos header from C:\Windows\syswow64\CRYPT32.dll
[0820/020706:ERROR:process_reader_win.cc(233)] ReadMemory at 0x769a0000 of 64 bytes failed: Only part of a ReadProcessMemory or WriteProcessMemory request was completed. (0x12B)
[0820/020706:WARNING:pe_image_reader.cc(281)] could not read dos header from C:\Windows\syswow64\WINTRUST.dll
[0820/020706:ERROR:process_reader_win.cc(233)] ReadMemory at 0x74370000 of 64 bytes failed: Only part of a ReadProcessMemory or WriteProcessMemory request was completed. (0x12B)
[0820/020706:WARNING:pe_image_reader.cc(281)] could not read dos header from C:\Windows\system32\Secur32.dll
[0820/020706:ERROR:process_reader_win.cc(233)] ReadMemory at 0x6fbb0000 of 64 bytes failed: Only part of a ReadProcessMemory or WriteProcessMemory request was completed. (0x12B)
[0820/020706:WARNING:pe_image_reader.cc(281)] could not read dos header from C:\Program Files (x86)\Google\Chrome\Application\52.0.2743.116\chrome_child.dll
[0820/020706:ERROR:process_reader_win.cc(233)] ReadMemory at 0x73850000 of 64 bytes failed: Only part of a ReadProcessMemory or WriteProcessMemory request was completed. (0x12B)
[0820/020706:WARNING:pe_image_reader.cc(281)] could not read dos header from C:\Windows\system32\dwrite.dll
[0820/020706:ERROR:process_reader_win.cc(233)] ReadMemory at 0x1340000 of 64 bytes failed: Only part of a ReadProcessMemory or WriteProcessMemory request was completed. (0x12B)
[0820/020706:WARNING:pe_image_reader.cc(281)] could not read dos header from C:\Program Files (x86)\Google\Chrome\Application\chrome.exe
[0820/020706:ERROR:process_reader_win.cc(233)] ReadMemory at 0x774a0000 of 64 bytes failed: Only part of a ReadProcessMemory or WriteProcessMemory request was completed. (0x12B)
[0820/020706:WARNING:pe_image_reader.cc(281)] could not read dos header from C:\Windows\SysWOW64\ntdll.dll
[0820/020706:ERROR:process_reader_win.cc(233)] ReadMemory at 0x76af0000 of 64 bytes failed: Only part of a ReadProcessMemory or WriteProcessMemory request was completed. (0x12B)
[0820/020706:WARNING:pe_image_reader.cc(281)] could not read dos header from C:\Windows\syswow64\KERNELBASE.dll
[0820/020706:ERROR:process_reader_win.cc(233)] ReadMemory at 0x76b40000 of 64 bytes failed: Only part of a ReadProcessMemory or WriteProcessMemory request was completed. (0x12B)
[0820/020706:WARNING:pe_image_reader.cc(281)] could not read dos header from C:\Windows\syswow64\kernel32.dll
[0820/020706:ERROR:process_reader_win.cc(233)] ReadMemory at 0x76f60000 of 64 bytes failed: Only part of a ReadProcessMemory or WriteProcessMemory request was completed. (0x12B)
[0820/020706:WARNING:pe_image_reader.cc(281)] could not read dos header from C:\Windows\syswow64\msvcrt.dll
[0820/020706:ERROR:process_reader_win.cc(233)] ReadMemory at 0x75000000 of 64 bytes failed: Only part of a ReadProcessMemory or WriteProcessMemory request was completed. (0x12B)
[0820/020706:WARNING:pe_image_reader.cc(281)] could not read dos header from C:\Windows\syswow64\CRYPTBASE.dll
[0820/020706:ERROR:process_reader_win.cc(233)] ReadMemory at 0x75010000 of 64 bytes failed: Only part of a ReadProcessMemory or WriteProcessMemory request was completed. (0x12B)
[0820/020706:WARNING:pe_image_reader.cc(281)] could not read dos header from C:\Windows\syswow64\SspiCli.dll
[0820/020706:ERROR:process_reader_win.cc(233)] ReadMemory at 0x768b0000 of 64 bytes failed: Only part of a ReadProcessMemory or WriteProcessMemory request was completed. (0x12B)
[0820/020706:WARNING:pe_image_reader.cc(281)] could not read dos header from C:\Windows\syswow64\RPCRT4.dll
[0820/020706:ERROR:process_reader_win.cc(233)] ReadMemory at 0x75960000 of 64 bytes failed: Only part of a ReadProcessMemory or WriteProcessMemory request was completed. (0x12B)
[0820/020706:WARNING:pe_image_reader.cc(281)] could not read dos header from C:\Windows\SysWOW64\sechost.dll
[0820/020706:ERROR:process_reader_win.cc(233)] ReadMemory at 0x752b0000 of 64 bytes failed: Only part of a ReadProcessMemory or WriteProcessMemory request was completed. (0x12B)
[0820/020706:WARNING:pe_image_reader.cc(281)] could not read dos header from C:\Windows\syswow64\ADVAPI32.dll
[0820/020706:ERROR:process_reader_win.cc(233)] ReadMemory at 0x740c0000 of 64 bytes failed: Only part of a ReadProcessMemory or WriteProcessMemory request was completed. (0x12B)
[0820/020706:WARNING:pe_image_reader.cc(281)] could not read dos header from C:\Program Files (x86)\Google\Chrome\Application\52.0.2743.116\chrome_elf.dll
[0820/020706:ERROR:process_reader_win.cc(233)] ReadMemory at 0x73720000 of 64 bytes failed: Only part of a ReadProcessMemory or WriteProcessMemory request was completed. (0x12B)
[0820/020706:WARNING:pe_image_reader.cc(281)] could not read dos header from C:\Windows\system32\VERSION.dll
[0820/020706:ERROR:process_reader_win.cc(233)] ReadMemory at 0x75a10000 of 64 bytes failed: Only part of a ReadProcessMemory or WriteProcessMemory request was completed. (0x12B)
[0820/020706:WARNING:pe_image_reader.cc(281)] could not read dos header from C:\Windows\syswow64\USP10.dll
[0820/020706:ERROR:process_reader_win.cc(233)] ReadMemory at 0x75350000 of 64 bytes failed: Only part of a ReadProcessMemory or WriteProcessMemory request was completed. (0x12B)
[0820/020706:WARNING:pe_image_reader.cc(281)] could not read dos header from C:\Windows\syswow64\LPK.dll
[0820/020706:ERROR:process_reader_win.cc(233)] ReadMemory at 0x753f0000 of 64 bytes failed: Only part of a ReadProcessMemory or WriteProcessMemory request was completed. (0x12B)
[0820/020706:WARNING:pe_image_reader.cc(281)] could not read dos header from C:\Windows\syswow64\GDI32.dll
[0820/020706:ERROR:process_reader_win.cc(233)] ReadMemory at 0x76c80000 of 64 bytes failed: Only part of a ReadProcessMemory or WriteProcessMemory request was completed. (0x12B)
[0820/020706:WARNING:pe_image_reader.cc(281)] could not read dos header from C:\Windows\syswow64\USER32.dll
[0820/020706:ERROR:process_reader_win.cc(233)] ReadMemory at 0x74450000 of 64 bytes failed: Only part of a ReadProcessMemory or WriteProcessMemory request was completed. (0x12B)
[0820/020706:WARNING:pe_image_reader.cc(281)] could not read dos header from C:\Windows\system32\WINMM.dll
[0820/020706:ERROR:process_reader_win.cc(233)] ReadMemory at 0x736f0000 of 64 bytes failed: Only part of a ReadProcessMemory or WriteProcessMemory request was completed. (0x12B)
[0820/020706:WARNING:pe_image_reader.cc(281)] could not read dos header from C:\Windows\system32\profapi.dll
[0820/020706:ERROR:process_reader_win.cc(233)] ReadMemory at 0x73700000 of 64 bytes failed: Only part of a ReadProcessMemory or WriteProcessMemory request was completed. (0x12B)
[0820/020706:WARNING:pe_image_reader.cc(281)] could not read dos header from C:\Windows\system32\USERENV.dll
[0820/020706:ERROR:process_reader_win.cc(233)] ReadMemory at 0x744c0000 of 64 bytes failed: Only part of a ReadProcessMemory or WriteProcessMemory request was completed. (0x12B)
[0820/020706:WARNING:pe_image_reader.cc(281)] could not read dos header from C:\Windows\system32\WTSAPI32.dll
[0820/020706:ERROR:process_reader_win.cc(233)] ReadMemory at 0x743a0000 of 64 bytes failed: Only part of a ReadProcessMemory or WriteProcessMemory request was completed. (0x12B)
[0820/020706:WARNING:pe_image_reader.cc(281)] could not read dos header from C:\Windows\system32\webio.dll
[0820/020706:ERROR:process_reader_win.cc(233)] ReadMemory at 0x743f0000 of 64 bytes failed: Only part of a ReadProcessMemory or WriteProcessMemory request was completed. (0x12B)
[0820/020706:WARNING:pe_image_reader.cc(281)] could not read dos header from C:\Windows\system32\WINHTTP.dll
[0820/020706:ERROR:process_reader_win.cc(233)] ReadMemory at 0x751e0000 of 64 bytes failed: Only part of a ReadProcessMemory or WriteProcessMemory request was completed. (0x12B)
[0820/020706:WARNING:pe_image_reader.cc(281)] could not read dos header from C:\Windows\syswow64\MSCTF.dll
[0820/020706:ERROR:process_reader_win.cc(233)] ReadMemory at 0x76e70000 of 64 bytes failed: Only part of a ReadProcessMemory or WriteProcessMemory request was completed. (0x12B)
[0820/020706:WARNING:pe_image_reader.cc(281)] could not read dos header from C:\Windows\system32\IMM32.DLL
[0820/020706:ERROR:process_reader_win.cc(233)] ReadMemory at 0x76ed0000 of 64 bytes failed: Only part of a ReadProcessMemory or WriteProcessMemory request was completed. (0x12B)
[0820/020706:WARNING:pe_image_reader.cc(281)] could not read dos header from C:\Windows\syswow64\SHLWAPI.dll
[0820/020706:ERROR:process_reader_win.cc(233)] ReadMemory at 0x75c20000 of 64 bytes failed: Only part of a ReadProcessMemory or WriteProcessMemory request was completed. (0x12B)
[0820/020706:WARNING:pe_image_reader.cc(281)] could not read dos header from C:\Windows\syswow64\SHELL32.dll
[0820/020706:ERROR:process_reader_win.cc(233)] ReadMemory at 0x75b10000 of 64 bytes failed: Only part of a ReadProcessMemory or WriteProcessMemory request was completed. (0x12B)
[0820/020706:WARNING:pe_image_reader.cc(281)] could not read dos header from C:\Windows\syswow64\PSAPI.DLL
[0820/020706:ERROR:process_reader_win.cc(233)] ReadMemory at 0x6fb50000 of 64 bytes failed: Only part of a ReadProcessMemory or WriteProcessMemory request was completed. (0x12B)
[0820/020706:WARNING:pe_image_reader.cc(281)] could not read dos header from C:\Windows\system32\WINSPOOL.DRV
[0820/020706:ERROR:process_reader_win.cc(233)] ReadMemory at 0x741d0000 of 64 bytes failed: Only part of a ReadProcessMemory or WriteProcessMemory request was completed. (0x12B)
[0820/020706:WARNING:pe_image_reader.cc(281)] could not read dos header from C:\Windows\WinSxS\x86_microsoft.windows.common-controls_6595b64144ccf1df_6.0.7600.16385_none_421189da2b7fabfc\COMCTL32.dll
[0820/020706:ERROR:process_reader_win.cc(233)] ReadMemory at 0x76df0000 of 64 bytes failed: Only part of a ReadProcessMemory or WriteProcessMemory request was completed. (0x12B)
[0820/020706:WARNING:pe_image_reader.cc(281)] could not read dos header from C:\Windows\syswow64\COMDLG32.dll
[0820/020706:ERROR:process_reader_win.cc(233)] ReadMemory at 0x75080000 of 64 bytes failed: Only part of a ReadProcessMemory or WriteProcessMemory request was completed. (0x12B)
[0820/020706:WARNING:pe_image_reader.cc(281)] could not read dos header from C:\Windows\syswow64\ole32.dll
[0820/020706:ERROR:process_reader_win.cc(233)] ReadMemory at 0x77010000 of 64 bytes failed: Only part of a ReadProcessMemory or WriteProcessMemory request was completed. (0x12B)
[0820/020706:WARNING:pe_image_reader.cc(281)] could not read dos header from C:\Windows\syswow64\OLEAUT32.dll
[0820/020706:ERROR:process_reader_win.cc(233)] ReadMemory at 0x77470000 of 64 bytes failed: Only part of a ReadProcessMemory or WriteProcessMemory request was completed. (0x12B)
[0820/020706:WARNING:pe_image_reader.cc(281)] could not read dos header from C:\Windows\syswow64\NSI.dll
[0820/020706:ERROR:process_reader_win.cc(233)] ReadMemory at 0x74490000 of 64 bytes failed: Only part of a ReadProcessMemory or WriteProcessMemory request was completed. (0x12B)
[0820/020706:WARNING:pe_image_reader.cc(281)] could not read dos header from C:\Windows\system32\WINNSI.DLL
[0820/020706:ERROR:process_reader_win.cc(233)] ReadMemory at 0x744a0000 of 64 bytes failed: Only part of a ReadProcessMemory or WriteProcessMemory request was completed. (0x12B)
[0820/020706:WARNING:pe_image_reader.cc(281)] could not read dos header from C:\Windows\system32\IPHLPAPI.DLL
[0820/020706:ERROR:process_reader_win.cc(233)] ReadMemory at 0x76870000 of 64 bytes failed: Only part of a ReadProcessMemory or WriteProcessMemory request was completed. (0x12B)
[0820/020706:WARNING:pe_image_reader.cc(281)] could not read dos header from C:\Windows\syswow64\WS2_32.dll
[0820/020706:ERROR:process_reader_win.cc(233)] ReadMemory at 0x75070000 of 64 bytes failed: Only part of a ReadProcessMemory or WriteProcessMemory request was completed. (0x12B)
[0820/020706:WARNING:pe_image_reader.cc(281)] could not read dos header from C:\Windows\syswow64\MSASN1.dll
[0820/020706:ERROR:process_reader_win.cc(233)] ReadMemory at 0x769d0000 of 64 bytes failed: Only part of a ReadProcessMemory or WriteProcessMemory request was completed. (0x12B)
[0820/020706:WARNING:pe_image_reader.cc(281)] could not read dos header from C:\Windows\syswow64\CRYPT32.dll
[0820/020706:ERROR:process_reader_win.cc(233)] ReadMemory at 0x769a0000 of 64 bytes failed: Only part of a ReadProcessMemory or WriteProcessMemory request was completed. (0x12B)
[0820/020706:WARNING:pe_image_reader.cc(281)] could not read dos header from C:\Windows\syswow64\WINTRUST.dll
[0820/020706:ERROR:process_reader_win.cc(233)] ReadMemory at 0x74370000 of 64 bytes failed: Only part of a ReadProcessMemory or WriteProcessMemory request was completed. (0x12B)
[0820/020706:WARNING:pe_image_reader.cc(281)] could not read dos header from C:\Windows\system32\Secur32.dll
[0820/020706:ERROR:process_reader_win.cc(233)] ReadMemory at 0x6fbb0000 of 64 bytes failed: Only part of a ReadProcessMemory or WriteProcessMemory request was completed. (0x12B)
[0820/020706:WARNING:pe_image_reader.cc(281)] could not read dos header from C:\Program Files (x86)\Google\Chrome\Application\52.0.2743.116\chrome_child.dll
[0820/020706:ERROR:process_reader_win.cc(233)] ReadMemory at 0x73850000 of 64 bytes failed: Only part of a ReadProcessMemory or WriteProcessMemory request was completed. (0x12B)
[0820/020706:WARNING:pe_image_reader.cc(281)] could not read dos header from C:\Windows\system32\dwrite.dll
[0820/020706:ERROR:process_reader_win.cc(233)] ReadMemory at 0x1340000 of 64 bytes failed: Only part of a ReadProcessMemory or WriteProcessMemory request was completed. (0x12B)
[0820/020706:WARNING:pe_image_reader.cc(281)] could not read dos header from C:\Program Files (x86)\Google\Chrome\Application\chrome.exe
[0820/020706:ERROR:process_reader_win.cc(233)] ReadMemory at 0x774a0000 of 64 bytes failed: Only part of a ReadProcessMemory or WriteProcessMemory request was completed. (0x12B)
[0820/020706:WARNING:pe_image_reader.cc(281)] could not read dos header from C:\Windows\SysWOW64\ntdll.dll
[0820/020706:ERROR:process_reader_win.cc(233)] ReadMemory at 0x76af0000 of 64 bytes failed: Only part of a ReadProcessMemory or WriteProcessMemory request was completed. (0x12B)
[0820/020706:WARNING:pe_image_reader.cc(281)] could not read dos header from C:\Windows\syswow64\KERNELBASE.dll
[0820/020706:ERROR:process_reader_win.cc(233)] ReadMemory at 0x76b40000 of 64 bytes failed: Only part of a ReadProcessMemory or WriteProcessMemory request was completed. (0x12B)
[0820/020706:WARNING:pe_image_reader.cc(281)] could not read dos header from C:\Windows\syswow64\kernel32.dll
[0820/020706:ERROR:process_reader_win.cc(233)] ReadMemory at 0x76f60000 of 64 bytes failed: Only part of a ReadProcessMemory or WriteProcessMemory request was completed. (0x12B)
[0820/020706:WARNING:pe_image_reader.cc(281)] could not read dos header from C:\Windows\syswow64\msvcrt.dll
[0820/020706:ERROR:process_reader_win.cc(233)] ReadMemory at 0x75000000 of 64 bytes failed: Only part of a ReadProcessMemory or WriteProcessMemory request was completed. (0x12B)
[0820/020706:WARNING:pe_image_reader.cc(281)] could not read dos header from C:\Windows\syswow64\CRYPTBASE.dll
[0820/020706:ERROR:process_reader_win.cc(233)] ReadMemory at 0x75010000 of 64 bytes failed: Only part of a ReadProcessMemory or WriteProcessMemory request was completed. (0x12B)
[0820/020706:WARNING:pe_image_reader.cc(281)] could not read dos header from C:\Windows\syswow64\SspiCli.dll
[0820/020706:ERROR:process_reader_win.cc(233)] ReadMemory at 0x768b0000 of 64 bytes failed: Only part of a ReadProcessMemory or WriteProcessMemory request was completed. (0x12B)
[0820/020706:WARNING:pe_image_reader.cc(281)] could not read dos header from C:\Windows\syswow64\RPCRT4.dll
[0820/020706:ERROR:process_reader_win.cc(233)] ReadMemory at 0x75960000 of 64 bytes failed: Only part of a ReadProcessMemory or WriteProcessMemory request was completed. (0x12B)
[0820/020706:WARNING:pe_image_reader.cc(281)] could not read dos header from C:\Windows\SysWOW64\sechost.dll
[0820/020706:ERROR:process_reader_win.cc(233)] ReadMemory at 0x752b0000 of 64 bytes failed: Only part of a ReadProcessMemory or WriteProcessMemory request was completed. (0x12B)
[0820/020706:WARNING:pe_image_reader.cc(281)] could not read dos header from C:\Windows\syswow64\ADVAPI32.dll
[0820/020706:ERROR:process_reader_win.cc(233)] ReadMemory at 0x740c0000 of 64 bytes failed: Only part of a ReadProcessMemory or WriteProcessMemory request was completed. (0x12B)
[0820/020706:WARNING:pe_image_reader.cc(281)] could not read dos header from C:\Program Files (x86)\Google\Chrome\Application\52.0.2743.116\chrome_elf.dll
[0820/020706:ERROR:process_reader_win.cc(233)] ReadMemory at 0x73720000 of 64 bytes failed: Only part of a ReadProcessMemory or WriteProcessMemory request was completed. (0x12B)
[0820/020706:WARNING:pe_image_reader.cc(281)] could not read dos header from C:\Windows\system32\VERSION.dll
[0820/020706:ERROR:process_reader_win.cc(233)] ReadMemory at 0x75a10000 of 64 bytes failed: Only part of a ReadProcessMemory or WriteProcessMemory request was completed. (0x12B)
[0820/020706:WARNING:pe_image_reader.cc(281)] could not read dos header from C:\Windows\syswow64\USP10.dll
[0820/020706:ERROR:process_reader_win.cc(233)] ReadMemory at 0x75350000 of 64 bytes failed: Only part of a ReadProcessMemory or WriteProcessMemory request was completed. (0x12B)
[0820/020706:WARNING:pe_image_reader.cc(281)] could not read dos header from C:\Windows\syswow64\LPK.dll
[0820/020706:ERROR:process_reader_win.cc(233)] ReadMemory at 0x753f0000 of 64 bytes failed: Only part of a ReadProcessMemory or WriteProcessMemory request was completed. (0x12B)
[0820/020706:WARNING:pe_image_reader.cc(281)] could not read dos header from C:\Windows\syswow64\GDI32.dll
[0820/020706:ERROR:process_reader_win.cc(233)] ReadMemory at 0x76c80000 of 64 bytes failed: Only part of a ReadProcessMemory or WriteProcessMemory request was completed. (0x12B)
[0820/020706:WARNING:pe_image_reader.cc(281)] could not read dos header from C:\Windows\syswow64\USER32.dll
[0820/020706:ERROR:process_reader_win.cc(233)] ReadMemory at 0x74450000 of 64 bytes failed: Only part of a ReadProcessMemory or WriteProcessMemory request was completed. (0x12B)
[0820/020706:WARNING:pe_image_reader.cc(281)] could not read dos header from C:\Windows\system32\WINMM.dll
[0820/020706:ERROR:process_reader_win.cc(233)] ReadMemory at 0x736f0000 of 64 bytes failed: Only part of a ReadProcessMemory or WriteProcessMemory request was completed. (0x12B)
[0820/020706:WARNING:pe_image_reader.cc(281)] could not read dos header from C:\Windows\system32\profapi.dll
[0820/020706:ERROR:process_reader_win.cc(233)] ReadMemory at 0x73700000 of 64 bytes failed: Only part of a ReadProcessMemory or WriteProcessMemory request was completed. (0x12B)
[0820/020706:WARNING:pe_image_reader.cc(281)] could not read dos header from C:\Windows\system32\USERENV.dll
[0820/020706:ERROR:process_reader_win.cc(233)] ReadMemory at 0x744c0000 of 64 bytes failed: Only part of a ReadProcessMemory or WriteProcessMemory request was completed. (0x12B)
[0820/020706:WARNING:pe_image_reader.cc(281)] could not read dos header from C:\Windows\system32\WTSAPI32.dll
[0820/020706:ERROR:process_reader_win.cc(233)] ReadMemory at 0x743a0000 of 64 bytes failed: Only part of a ReadProcessMemory or WriteProcessMemory request was completed. (0x12B)
[0820/020706:WARNING:pe_image_reader.cc(281)] could not read dos header from C:\Windows\system32\webio.dll
[0820/020706:ERROR:process_reader_win.cc(233)] ReadMemory at 0x743f0000 of 64 bytes failed: Only part of a ReadProcessMemory or WriteProcessMemory request was completed. (0x12B)
[0820/020706:WARNING:pe_image_reader.cc(281)] could not read dos header from C:\Windows\system32\WINHTTP.dll
[0820/020706:ERROR:process_reader_win.cc(233)] ReadMemory at 0x751e0000 of 64 bytes failed: Only part of a ReadProcessMemory or WriteProcessMemory request was completed. (0x12B)
[0820/020706:WARNING:pe_image_reader.cc(281)] could not read dos header from C:\Windows\syswow64\MSCTF.dll
[0820/020706:ERROR:process_reader_win.cc(233)] ReadMemory at 0x76e70000 of 64 bytes failed: Only part of a ReadProcessMemory or WriteProcessMemory request was completed. (0x12B)
[0820/020706:WARNING:pe_image_reader.cc(281)] could not read dos header from C:\Windows\system32\IMM32.DLL
[0820/020706:ERROR:process_reader_win.cc(233)] ReadMemory at 0x76ed0000 of 64 bytes failed: Only part of a ReadProcessMemory or WriteProcessMemory request was completed. (0x12B)
[0820/020706:WARNING:pe_image_reader.cc(281)] could not read dos header from C:\Windows\syswow64\SHLWAPI.dll
[0820/020706:ERROR:process_reader_win.cc(233)] ReadMemory at 0x75c20000 of 64 bytes failed: Only part of a ReadProcessMemory or WriteProcessMemory request was completed. (0x12B)
[0820/020706:WARNING:pe_image_reader.cc(281)] could not read dos header from C:\Windows\syswow64\SHELL32.dll
[0820/020706:ERROR:process_reader_win.cc(233)] ReadMemory at 0x75b10000 of 64 bytes failed: Only part of a ReadProcessMemory or WriteProcessMemory request was completed. (0x12B)
[0820/020706:WARNING:pe_image_reader.cc(281)] could not read dos header from C:\Windows\syswow64\PSAPI.DLL
[0820/020706:ERROR:process_reader_win.cc(233)] ReadMemory at 0x6fb50000 of 64 bytes failed: Only part of a ReadProcessMemory or WriteProcessMemory request was completed. (0x12B)
[0820/020706:WARNING:pe_image_reader.cc(281)] could not read dos header from C:\Windows\system32\WINSPOOL.DRV
[0820/020706:ERROR:process_reader_win.cc(233)] ReadMemory at 0x741d0000 of 64 bytes failed: Only part of a ReadProcessMemory or WriteProcessMemory request was completed. (0x12B)
[0820/020706:WARNING:pe_image_reader.cc(281)] could not read dos header from C:\Windows\WinSxS\x86_microsoft.windows.common-controls_6595b64144ccf1df_6.0.7600.16385_none_421189da2b7fabfc\COMCTL32.dll
[0820/020706:ERROR:process_reader_win.cc(233)] ReadMemory at 0x76df0000 of 64 bytes failed: Only part of a ReadProcessMemory or WriteProcessMemory request was completed. (0x12B)
[0820/020706:WARNING:pe_image_reader.cc(281)] could not read dos header from C:\Windows\syswow64\COMDLG32.dll
[0820/020706:ERROR:process_reader_win.cc(233)] ReadMemory at 0x75080000 of 64 bytes failed: Only part of a ReadProcessMemory or WriteProcessMemory request was completed. (0x12B)
[0820/020706:WARNING:pe_image_reader.cc(281)] could not read dos header from C:\Windows\syswow64\ole32.dll
[0820/020706:ERROR:process_reader_win.cc(233)] ReadMemory at 0x77010000 of 64 bytes failed: Only part of a ReadProcessMemory or WriteProcessMemory request was completed. (0x12B)
[0820/020706:WARNING:pe_image_reader.cc(281)] could not read dos header from C:\Windows\syswow64\OLEAUT32.dll
[0820/020706:ERROR:process_reader_win.cc(233)] ReadMemory at 0x77470000 of 64 bytes failed: Only part of a ReadProcessMemory or WriteProcessMemory request was completed. (0x12B)
[0820/020706:WARNING:pe_image_reader.cc(281)] could not read dos header from C:\Windows\syswow64\NSI.dll
[0820/020706:ERROR:process_reader_win.cc(233)] ReadMemory at 0x74490000 of 64 bytes failed: Only part of a ReadProcessMemory or WriteProcessMemory request was completed. (0x12B)
[0820/020706:WARNING:pe_image_reader.cc(281)] could not read dos header from C:\Windows\system32\WINNSI.DLL
[0820/020706:ERROR:process_reader_win.cc(233)] ReadMemory at 0x744a0000 of 64 bytes failed: Only part of a ReadProcessMemory or WriteProcessMemory request was completed. (0x12B)
[0820/020706:WARNING:pe_image_reader.cc(281)] could not read dos header from C:\Windows\system32\IPHLPAPI.DLL
[0820/020706:ERROR:process_reader_win.cc(233)] ReadMemory at 0x76870000 of 64 bytes failed: Only part of a ReadProcessMemory or WriteProcessMemory request was completed. (0x12B)
[0820/020706:WARNING:pe_image_reader.cc(281)] could not read dos header from C:\Windows\syswow64\WS2_32.dll
[0820/020706:ERROR:process_reader_win.cc(233)] ReadMemory at 0x75070000 of 64 bytes failed: Only part of a ReadProcessMemory or WriteProcessMemory request was completed. (0x12B)
[0820/020706:WARNING:pe_image_reader.cc(281)] could not read dos header from C:\Windows\syswow64\MSASN1.dll
[0820/020706:ERROR:process_reader_win.cc(233)] ReadMemory at 0x769d0000 of 64 bytes failed: Only part of a ReadProcessMemory or WriteProcessMemory request was completed. (0x12B)
[0820/020706:WARNING:pe_image_reader.cc(281)] could not read dos header from C:\Windows\syswow64\CRYPT32.dll
[0820/020706:ERROR:process_reader_win.cc(233)] ReadMemory at 0x769a0000 of 64 bytes failed: Only part of a ReadProcessMemory or WriteProcessMemory request was completed. (0x12B)
[0820/020706:WARNING:pe_image_reader.cc(281)] could not read dos header from C:\Windows\syswow64\WINTRUST.dll
[0820/020706:ERROR:process_reader_win.cc(233)] ReadMemory at 0x74370000 of 64 bytes failed: Only part of a ReadProcessMemory or WriteProcessMemory request was completed. (0x12B)
[0820/020706:WARNING:pe_image_reader.cc(281)] could not read dos header from C:\Windows\system32\Secur32.dll
[0820/020706:ERROR:process_reader_win.cc(233)] ReadMemory at 0x6fbb0000 of 64 bytes failed: Only part of a ReadProcessMemory or WriteProcessMemory request was completed. (0x12B)
[0820/020706:WARNING:pe_image_reader.cc(281)] could not read dos header from C:\Program Files (x86)\Google\Chrome\Application\52.0.2743.116\chrome_child.dll
[0820/020706:ERROR:process_reader_win.cc(233)] ReadMemory at 0x73850000 of 64 bytes failed: Only part of a ReadProcessMemory or WriteProcessMemory request was completed. (0x12B)
[0820/020706:WARNING:pe_image_reader.cc(281)] could not read dos header from C:\Windows\system32\dwrite.dll
[0820/020706:ERROR:process_reader_win.cc(233)] ReadMemory at 0x1ce000 of 73728 bytes failed: Only part of a ReadProcessMemory or WriteProcessMemory request was completed. (0x12B)
[0820/020706:ERROR:crash_report_exception_handler.cc(102)] WriteEverything failed
[0820/020706:ERROR:scoped_process_suspend.cc(38)] NtResumeProcess, ntstatus=-1073741558
